{"synthetic": false,
 "schemaVersion": "2025-09-10",
 "outputs":
 {"o": ["d651e36480fb3d48.olean"],
  "i": "cb1ad0d7535ec1a4.ilean",
  "c": "3c95893894c607d2.c"},
 "log":
 [{"message":
   ".> LEAN_PATH=D:\\lean\\project\\lean-course\\.lake\\packages\\batteries\\.lake\\build\\lib\\lean;D:\\lean\\project\\lean-course\\.lake\\packages\\Qq\\.lake\\build\\lib\\lean;D:\\lean\\project\\lean-course\\.lake\\packages\\aesop\\.lake\\build\\lib\\lean;D:\\lean\\project\\lean-course\\.lake\\packages\\proofwidgets\\.lake\\build\\lib\\lean;D:\\lean\\project\\lean-course\\.lake\\packages\\importGraph\\.lake\\build\\lib\\lean;D:\\lean\\project\\lean-course\\.lake\\packages\\LeanSearchClient\\.lake\\build\\lib\\lean;D:\\lean\\project\\lean-course\\.lake\\packages\\plausible\\.lake\\build\\lib\\lean;D:\\lean\\project\\lean-course\\.lake\\packages\\MD4Lean\\.lake\\build\\lib\\lean;D:\\lean\\project\\lean-course\\.lake\\packages\\BibtexQuery\\.lake\\build\\lib\\lean;D:\\lean\\project\\lean-course\\.lake\\packages\\UnicodeBasic\\.lake\\build\\lib\\lean;D:\\lean\\project\\lean-course\\.lake\\packages\\Cli\\.lake\\build\\lib\\lean;D:\\lean\\project\\lean-course\\.lake\\packages\\mathlib\\.lake\\build\\lib\\lean;D:\\lean\\project\\lean-course\\.lake\\packages\\checkdecls\\.lake\\build\\lib\\lean;D:\\lean\\project\\lean-course\\.lake\\packages\\doc-gen4\\.lake\\build\\lib\\lean;D:\\lean\\project\\lean-course\\.lake\\build\\lib\\lean c:\\Users\\yihe huang\\.elan\\toolchains\\leanprover--lean4---v4.26.0-rc2\\bin\\lean.exe D:\\lean\\project\\lean-course\\Dihedral\\Length.lean -o D:\\lean\\project\\lean-course\\.lake\\build\\lib\\lean\\Dihedral\\Length.olean -i D:\\lean\\project\\lean-course\\.lake\\build\\lib\\lean\\Dihedral\\Length.ilean -c D:\\lean\\project\\lean-course\\.lake\\build\\ir\\Dihedral\\Length.c --setup D:\\lean\\project\\lean-course\\.lake\\build\\ir\\Dihedral\\Length.setup.json --json",
   "level": "trace"},
  {"message": "Dihedral/Length.lean:204:6: declaration uses 'sorry'",
   "level": "warning"},
  {"message":
   "Dihedral/Length.lean:245:43: This simp argument is unused:\n  alternating\n\nHint: Omit it from the simp argument list.\n  simp [L,̵ ̵a̵l̵t̵e̵r̵n̵a̵t̵i̵n̵g̵]\n\nNote: This linter can be disabled with `set_option linter.unusedSimpArgs false`",
   "level": "warning"},
  {"message":
   "Dihedral/Length.lean:245:56: The following tactic starts with 2 goals and ends with 1 goal, 1 of which is not operated on.\n  sorry\nPlease focus on the current goal, for instance using `·` (typed as \"\\.\").\n\nNote: This linter can be disabled with `set_option linter.style.multiGoal false`",
   "level": "warning"},
  {"message": "Dihedral/Length.lean:258:8: declaration uses 'sorry'",
   "level": "warning"}],
 "inputs":
 [["Dihedral.Length:deps",
   [["deps",
     [["Dihedral/Dihedral:extraDep",
       [["@Dihedral:extraDep", "00000000000006bb"]]],
      ["imports",
       [["Mathlib transitive imports (legacy)", "cbb2dde03541a516"],
        ["Mathlib:importAllArts", "f843b71ccd66b3a7"],
        ["Dihedral.Basic transitive imports (legacy)", "4c79adf915f2f646"],
        ["Dihedral.Basic:importAllArts", "100e369a4f261f2f"]]]]],
    ["libs",
     [["import dynlibs", "00000000000006bb"],
      ["package external libraries", "00000000000006bb"],
      ["module dynlibs", "00000000000006bb"],
      ["module plugins", "00000000000006bb"]]]]],
  ["Lean 4.26.0, commit 9d4ad1273f6cea397c3066c2c83062a4410d16bf",
   "c1ab21c0a088cff7"],
  ["D:\\lean\\project\\lean-course\\Dihedral\\Length.lean", "6ebf94ab92bdd341"],
  ["options",
   [["-DmaxSynthPendingDepth=3", "c78e353d34de85d4"],
    ["-Dweak.linter.mathlibStandardSet=true", "8a155799906f2b42"],
    ["-DrelaxedAutoImplicit=false", "74a2b5546b55be80"],
    ["-Dpp.unicode.fun=true", "9b94070140457fab"]]],
  ["Module.leanArgs: #[]", "00000000000006bb"]],
 "depHash": "aea4a9ed454ba702"}